#
# A fatal error has been detected by the Java Runtime Environment:
#
#  EXCEPTION_ACCESS_VIOLATION (0xc0000005) at pc=0x0000000074d29575, pid=123088, tid=0x000000000001e174
#
# JRE version: Java(TM) SE Runtime Environment (8.0_92-b14) (build 1.8.0_92-b14)
# Java VM: Java HotSpot(TM) 64-Bit Server VM (25.92-b14 mixed mode windows-amd64 compressed oops)
# Problematic frame:
# V  [jvm.dll+0x129575]
#
# Failed to write core dump. Minidumps are not enabled by default on client versions of Windows
#
# If you would like to submit a bug report, please visit:
#   http://bugreport.java.com/bugreport/crash.jsp
#

---------------  T H R E A D  ---------------

Current thread (0x0000000019467800):  JavaThread "JDWP Transport Listener: dt_socket" daemon [_thread_in_vm, id=123252, stack(0x000000001aaf0000,0x000000001abf0000)]

siginfo: ExceptionCode=0xc0000005, reading address 0x0000003200000001

Registers:
RAX=0x000000001abef901, RBX=0x0000000019467800, RCX=0x0000003200000001, RDX=0x0000000000000000
RSP=0x000000001abef960, RBP=0x0000003200000001, RSI=0x000000001abefa78, RDI=0x0000000002f7aea0
R8 =0x0000000019467800, R9 =0x0000000000008000, R10=0x0000000000000000, R11=0x000000001abefbb1
R12=0x0000000000000000, R13=0x0000000019468248, R14=0x0000000000000000, R15=0x0000000000000000
RIP=0x0000000074d29575, EFLAGS=0x0000000000010202

Top of Stack: (sp=0x000000001abef960)
0x000000001abef960:   0000000019467800 0000000019467800
0x000000001abef970:   000000001abefa28 0000000074f2fbab
0x000000001abef980:   0000000019467800 0000000074f4c40d
0x000000001abef990:   0000000000000000 0000000074b79155
0x000000001abef9a0:   000000001b5523a0 0000000074b8291e
0x000000001abef9b0:   0000000019467800 0000000000000000
0x000000001abef9c0:   0000000000000000 0000000000000000
0x000000001abef9d0:   0000003200000001 0000000074b81a15
0x000000001abef9e0:   000000001abefa78 000000001abefa50
0x000000001abef9f0:   0000000000000001 000000001b5523a0
0x000000001abefa00:   0000003200000001 0000000074b653b3
0x000000001abefa10:   000000001abefb40 0000000000000001
0x000000001abefa20:   0000000000000001 000000001b5523a0
0x000000001abefa30:   0000000000000001 0000000000000000
0x000000001abefa40:   0000000000000000 0000000000000000
0x000000001abefa50:   0000000000000001 0000000074b65571 

Instructions: (pc=0x0000000074d29575)
0x0000000074d29555:   cc cc cc cc cc cc cc cc cc cc cc 48 83 ec 28 48
0x0000000074d29565:   85 c9 75 07 33 c0 48 83 c4 28 c3 48 89 5c 24 20
0x0000000074d29575:   48 8b 19 48 85 db 74 20 48 83 fb 37 74 1a 48 8b
0x0000000074d29585:   13 48 8b cb ff 52 10 84 c0 74 0d 48 8b c3 48 8b 


Register to memory mapping:

RAX=0x000000001abef901 is pointing into the stack for thread: 0x0000000019467800
RBX=0x0000000019467800 is a thread
RCX=0x0000003200000001 is an unknown value
RDX=0x0000000000000000 is an unknown value
RSP=0x000000001abef960 is pointing into the stack for thread: 0x0000000019467800
RBP=0x0000003200000001 is an unknown value
RSI=0x000000001abefa78 is pointing into the stack for thread: 0x0000000019467800
RDI=0x0000000002f7aea0 is an unknown value
R8 =0x0000000019467800 is a thread
R9 =0x0000000000008000 is an unknown value
R10=0x0000000000000000 is an unknown value
R11=0x000000001abefbb1 is pointing into the stack for thread: 0x0000000019467800
R12=0x0000000000000000 is an unknown value
R13=0x0000000019468248 is an unknown value
R14=0x0000000000000000 is an unknown value
R15=0x0000000000000000 is an unknown value


Stack: [0x000000001aaf0000,0x000000001abf0000],  sp=0x000000001abef960,  free space=1022k
Native frames: (J=compiled Java code, j=interpreted, Vv=VM code, C=native code)
V  [jvm.dll+0x129575]
V  [jvm.dll+0x34c40d]
C  [jdwp.dll+0x21a15]
C  [jdwp.dll+0x53b3]
C  [jdwp.dll+0x5571]
C  [jdwp.dll+0xf0a8]
C  [jdwp.dll+0x1f2d5]
C  [jdwp.dll+0x1f4aa]
V  [jvm.dll+0x1bc3e8]
V  [jvm.dll+0x244314]
V  [jvm.dll+0x29b34a]
C  [msvcr100.dll+0x21d9f]
C  [msvcr100.dll+0x21e3b]
C  [KERNEL32.DLL+0x14034]
C  [ntdll.dll+0x73691]


---------------  P R O C E S S  ---------------

Java Threads: ( => current thread )
  0x0000000019586000 JavaThread "Service Thread" daemon [_thread_blocked, id=123284, stack(0x000000001b0f0000,0x000000001b1f0000)]
  0x00000000194f9000 JavaThread "C1 CompilerThread2" daemon [_thread_blocked, id=123280, stack(0x000000001aff0000,0x000000001b0f0000)]
  0x00000000194f7800 JavaThread "C2 CompilerThread1" daemon [_thread_blocked, id=123276, stack(0x000000001aef0000,0x000000001aff0000)]
  0x00000000194f5000 JavaThread "C2 CompilerThread0" daemon [_thread_blocked, id=123272, stack(0x000000001adf0000,0x000000001aef0000)]
  0x000000001946f000 JavaThread "JDWP Command Reader" daemon [_thread_in_native, id=123268, stack(0x000000001acf0000,0x000000001adf0000)]
  0x000000001946b800 JavaThread "JDWP Event Helper Thread" daemon [_thread_blocked, id=123256, stack(0x000000001abf0000,0x000000001acf0000)]
=>0x0000000019467800 JavaThread "JDWP Transport Listener: dt_socket" daemon [_thread_in_vm, id=123252, stack(0x000000001aaf0000,0x000000001abf0000)]
  0x000000001814b800 JavaThread "Attach Listener" daemon [_thread_blocked, id=123248, stack(0x0000000019950000,0x0000000019a50000)]
  0x0000000018103000 JavaThread "Signal Dispatcher" daemon [_thread_blocked, id=123244, stack(0x0000000019850000,0x0000000019950000)]
  0x00000000180da800 JavaThread "Finalizer" daemon [_thread_blocked, id=123224, stack(0x0000000019350000,0x0000000019450000)]
  0x00000000035f4800 JavaThread "Reference Handler" daemon [_thread_blocked, id=123220, stack(0x0000000019250000,0x0000000019350000)]
  0x0000000003503800 JavaThread "main" [_thread_blocked, id=123172, stack(0x0000000002e20000,0x0000000002f20000)]

Other Threads:
  0x00000000180b8000 VMThread [stack: 0x0000000019150000,0x0000000019250000] [id=123204]
  0x00000000195d2800 WatcherThread [stack: 0x000000001b1f0000,0x000000001b2f0000] [id=123288]

VM state:not at safepoint (normal execution)

VM Mutex/Monitor currently owned by a thread: None

Heap:
 PSYoungGen      total 37888K, used 10541K [0x00000000d6000000, 0x00000000d8a00000, 0x0000000100000000)
  eden space 32768K, 32% used [0x00000000d6000000,0x00000000d6a4b750,0x00000000d8000000)
  from space 5120K, 0% used [0x00000000d8500000,0x00000000d8500000,0x00000000d8a00000)
  to   space 5120K, 0% used [0x00000000d8000000,0x00000000d8000000,0x00000000d8500000)
 ParOldGen       total 86016K, used 0K [0x0000000082000000, 0x0000000087400000, 0x00000000d6000000)
  object space 86016K, 0% used [0x0000000082000000,0x0000000082000000,0x0000000087400000)
 Metaspace       used 5896K, capacity 6098K, committed 6144K, reserved 1056768K
  class space    used 678K, capacity 730K, committed 768K, reserved 1048576K

Card table byte_map: [0x00000000129c0000,0x0000000012dc0000] byte_map_base: 0x00000000125b0000

Marking Bits: (ParMarkBitMap*) 0x00000000754164f0
 Begin Bits: [0x0000000013460000, 0x00000000153e0000)
 End Bits:   [0x00000000153e0000, 0x0000000017360000)

Polling page: 0x0000000001650000

CodeCache: size=245760Kb used=2258Kb max_used=2258Kb free=243501Kb
 bounds [0x0000000003600000, 0x0000000003870000, 0x0000000012600000]
 total_blobs=738 nmethods=461 adapters=198
 compilation: enabled

Compilation events (10 events):
Event: 0.634 Thread 0x00000000194f9000  458       3       java.lang.AbstractStringBuilder::append (40 bytes)
Event: 0.634 Thread 0x00000000194f9000 nmethod 458 0x0000000003833890 code [0x0000000003833a20, 0x0000000003833e18]
Event: 0.634 Thread 0x00000000194f9000  456       3       java.util.Arrays::copyOfRange (11 bytes)
Event: 0.634 Thread 0x00000000194f9000 nmethod 456 0x0000000003833f90 code [0x0000000003834100, 0x0000000003834328]
Event: 0.637 Thread 0x00000000194f9000  459       3       jdk.internal.org.objectweb.asm.ByteVector::<init> (13 bytes)
Event: 0.637 Thread 0x00000000194f9000 nmethod 459 0x0000000003834410 code [0x0000000003834580, 0x00000000038347d0]
Event: 0.637 Thread 0x00000000194f9000  460       3       jdk.internal.org.objectweb.asm.ByteVector::putByteArray (49 bytes)
Event: 0.637 Thread 0x00000000194f9000 nmethod 460 0x0000000003834890 code [0x0000000003834a00, 0x0000000003834d18]
Event: 0.637 Thread 0x00000000194f9000  461       3       jdk.internal.org.objectweb.asm.ByteVector::putInt (74 bytes)
Event: 0.638 Thread 0x00000000194f9000 nmethod 461 0x0000000003834e10 code [0x0000000003834f80, 0x0000000003835228]

GC Heap History (0 events):
No events

Deoptimization events (0 events):
No events

Internal exceptions (9 events):
Event: 0.059 Thread 0x0000000003503800 Exception <a 'java/lang/NoSuchMethodError': Method sun.misc.Unsafe.defineClass(Ljava/lang/String;[BII)Ljava/lang/Class; name or signature does not match> (0x00000000d6007cc0) thrown at [D:\re\workspace\8-2-build-windows-amd64-cygwin\jdk8u92\6642\hotspot\sr}π|ˆaÆ?
Event: 0.059 Thread 0x0000000003503800 Exception <a 'java/lang/NoSuchMethodError': Method sun.misc.Unsafe.prefetchRead(Ljava/lang/Object;J)V name or signature does not match> (0x00000000d6007fa8) thrown at [D:\re\workspace\8-2-build-windows-amd64-cygwin\jdk8u92\6642\hotspot\src\share\vm\prims\jt`uëK—?
Event: 0.270 Thread 0x0000000003503800 Exception <a 'java/io/FileNotFoundException'> (0x00000000d6325358) thrown at [D:\re\workspace\8-2-build-windows-amd64-cygwin\jdk8u92\6642\hotspot\src\share\vm\prims\jni.cpp, line 709]
Event: 0.294 Thread 0x0000000003503800 Exception <a 'java/security/PrivilegedActionException'> (0x00000000d6414a00) thrown at [D:\re\workspace\8-2-build-windows-amd64-cygwin\jdk8u92\6642\hotspot\src\share\vm\prims\jvm.cpp, line 1386]
Event: 0.294 Thread 0x0000000003503800 Exception <a 'java/security/PrivilegedActionException'> (0x00000000d6414c10) thrown at [D:\re\workspace\8-2-build-windows-amd64-cygwin\jdk8u92\6642\hotspot\src\share\vm\prims\jvm.cpp, line 1386]
Event: 0.295 Thread 0x0000000003503800 Exception <a 'java/security/PrivilegedActionException'> (0x00000000d6418b30) thrown at [D:\re\workspace\8-2-build-windows-amd64-cygwin\jdk8u92\6642\hotspot\src\share\vm\prims\jvm.cpp, line 1386]
Event: 0.295 Thread 0x0000000003503800 Exception <a 'java/security/PrivilegedActionException'> (0x00000000d6418d40) thrown at [D:\re\workspace\8-2-build-windows-amd64-cygwin\jdk8u92\6642\hotspot\src\share\vm\prims\jvm.cpp, line 1386]
Event: 0.619 Thread 0x0000000003503800 Exception <a 'java/lang/NoSuchFieldError': method resolution failed> (0x00000000d69732e8) thrown at [D:\re\workspace\8-2-build-windows-amd64-cygwin\jdk8u92\6642\hotspot\src\share\vm\prims\methodHandles.cpp, line 1146]
Event: 0.621 Thread 0x0000000003503800 Exception <a 'java/lang/NoSuchFieldError': method resolution failed> (0x00000000d6981278) thrown at [D:\re\workspace\8-2-build-windows-amd64-cygwin\jdk8u92\6642\hotspot\src\share\vm\prims\methodHandles.cpp, line 1146]

Events (10 events):
Event: 1110.059 Executing VM operation: GetOrSetLocal
Event: 1110.059 Executing VM operation: GetOrSetLocal done
Event: 1153.067 Executing VM operation: ChangeBreakpoints
Event: 1153.067 Executing VM operation: ChangeBreakpoints done
Event: 1153.071 Executing VM operation: RedefineClasses
Event: 1153.073 Executing VM operation: RedefineClasses done
Event: 1153.074 Executing VM operation: GetOrSetLocal
Event: 1153.074 Executing VM operation: GetOrSetLocal done
Event: 1153.145 Executing VM operation: GetOrSetLocal
Event: 1153.145 Executing VM operation: GetOrSetLocal done


Dynamic libraries:
0x00007ff63f070000 - 0x00007ff63f0a7000 	D:\Program Files\Java\jdk1.8.0_92\bin\java.exe
0x00007ffbb9a60000 - 0x00007ffbb9c41000 	C:\WINDOWS\SYSTEM32\ntdll.dll
0x00007ffbb9280000 - 0x00007ffbb9331000 	C:\WINDOWS\System32\KERNEL32.DLL
0x00007ffbb6630000 - 0x00007ffbb68a3000 	C:\WINDOWS\System32\KERNELBASE.dll
0x00007ffbb7af0000 - 0x00007ffbb7b91000 	C:\WINDOWS\System32\ADVAPI32.dll
0x00007ffbb6f70000 - 0x00007ffbb700e000 	C:\WINDOWS\System32\msvcrt.dll
0x00007ffbb94a0000 - 0x00007ffbb94fb000 	C:\WINDOWS\System32\sechost.dll
0x00007ffbb9370000 - 0x00007ffbb9494000 	C:\WINDOWS\System32\RPCRT4.dll
0x00007ffbb7010000 - 0x00007ffbb71a0000 	C:\WINDOWS\System32\USER32.dll
0x00007ffbb6610000 - 0x00007ffbb6630000 	C:\WINDOWS\System32\win32u.dll
0x00007ffbb9340000 - 0x00007ffbb9368000 	C:\WINDOWS\System32\GDI32.dll
0x00007ffbb6a60000 - 0x00007ffbb6bf1000 	C:\WINDOWS\System32\gdi32full.dll
0x00007ffbb6df0000 - 0x00007ffbb6e8f000 	C:\WINDOWS\System32\msvcp_win.dll
0x00007ffbb6960000 - 0x00007ffbb6a58000 	C:\WINDOWS\System32\ucrtbase.dll
0x00007ffb9d520000 - 0x00007ffb9d789000 	C:\WINDOWS\WinSxS\amd64_microsoft.windows.common-controls_6595b64144ccf1df_6.0.17134.950_none_fb3da4273069d3e0\COMCTL32.dll
0x00007ffbb76c0000 - 0x00007ffbb79e2000 	C:\WINDOWS\System32\combase.dll
0x00007ffbb6540000 - 0x00007ffbb65b9000 	C:\WINDOWS\System32\bcryptPrimitives.dll
0x00007ffbb9660000 - 0x00007ffbb968d000 	C:\WINDOWS\System32\IMM32.DLL
0x00000000754a0000 - 0x0000000075572000 	D:\Program Files\Java\jdk1.8.0_92\jre\bin\msvcr100.dll
0x0000000074c00000 - 0x0000000075496000 	D:\Program Files\Java\jdk1.8.0_92\jre\bin\server\jvm.dll
0x00007ffbb7ac0000 - 0x00007ffbb7ac8000 	C:\WINDOWS\System32\PSAPI.DLL
0x00007ffbb2ad0000 - 0x00007ffbb2ad9000 	C:\WINDOWS\SYSTEM32\WSOCK32.dll
0x00007ffbb7ba0000 - 0x00007ffbb7c0c000 	C:\WINDOWS\System32\WS2_32.dll
0x00007ffbb2bc0000 - 0x00007ffbb2be3000 	C:\WINDOWS\SYSTEM32\WINMM.dll
0x00007ffbac530000 - 0x00007ffbac53a000 	C:\WINDOWS\SYSTEM32\VERSION.dll
0x00007ffbb2b50000 - 0x00007ffbb2b7a000 	C:\WINDOWS\SYSTEM32\WINMMBASE.dll
0x00007ffbb65c0000 - 0x00007ffbb6609000 	C:\WINDOWS\System32\cfgmgr32.dll
0x0000000074bf0000 - 0x0000000074bff000 	D:\Program Files\Java\jdk1.8.0_92\jre\bin\verify.dll
0x0000000074bc0000 - 0x0000000074be9000 	D:\Program Files\Java\jdk1.8.0_92\jre\bin\java.dll
0x0000000074b60000 - 0x0000000074b95000 	D:\Program Files\Java\jdk1.8.0_92\jre\bin\jdwp.dll
0x0000000074b50000 - 0x0000000074b58000 	D:\Program Files\Java\jdk1.8.0_92\jre\bin\npt.dll
0x0000000074b20000 - 0x0000000074b43000 	D:\Program Files\Java\jdk1.8.0_92\jre\bin\instrument.dll
0x0000000074ba0000 - 0x0000000074bb6000 	D:\Program Files\Java\jdk1.8.0_92\jre\bin\zip.dll
0x00007ffbb7cb0000 - 0x00007ffbb90f0000 	C:\WINDOWS\System32\SHELL32.dll
0x00007ffbb9830000 - 0x00007ffbb98d9000 	C:\WINDOWS\System32\shcore.dll
0x00007ffbb5e30000 - 0x00007ffbb653d000 	C:\WINDOWS\System32\windows.storage.dll
0x00007ffbb99d0000 - 0x00007ffbb9a21000 	C:\WINDOWS\System32\shlwapi.dll
0x00007ffbb5da0000 - 0x00007ffbb5db1000 	C:\WINDOWS\System32\kernel.appcore.dll
0x00007ffbb5dc0000 - 0x00007ffbb5ddf000 	C:\WINDOWS\System32\profapi.dll
0x00007ffbb5de0000 - 0x00007ffbb5e2c000 	C:\WINDOWS\System32\powrprof.dll
0x00007ffbb5d70000 - 0x00007ffbb5d7a000 	C:\WINDOWS\System32\FLTLIB.DLL
0x0000000074b10000 - 0x0000000074b19000 	D:\Program Files\Java\jdk1.8.0_92\jre\bin\dt_socket.dll
0x0000000019a50000 - 0x000000001a9a6000 	C:\WINDOWS\system32\networkdlllspx64.dll
0x00007ffbb79f0000 - 0x00007ffbb7ab2000 	C:\WINDOWS\System32\oleaut32.dll
0x00007ffbb4e30000 - 0x00007ffbb4e61000 	C:\WINDOWS\SYSTEM32\ntmarta.dll
0x00007ffbb55f0000 - 0x00007ffbb5656000 	C:\WINDOWS\system32\mswsock.dll
0x00007ffb95f00000 - 0x00007ffb960c9000 	C:\WINDOWS\SYSTEM32\dbghelp.dll

VM Arguments:
jvm_args: -agentlib:jdwp=transport=dt_socket,address=127.0.0.1:54401,suspend=y,server=n -ea -Didea.test.cyclic.buffer.size=1048576 -javaagent:E:\resource\”Œ¿¿∆˜\ideaIU-2018.2.4.win\lib\rt\debugger-agent.jar=file:/C:/Users/acer/AppData/Local/Temp/capture.props -Dfile.encoding=UTF-8 
java_command: com.intellij.rt.execution.junit.JUnitStarter -ideVersion5 -junit4 tree.bst.segment.SegmentTreeTest,build
java_class_path (initial): E:\resource\”Œ¿¿∆˜\ideaIU-2018.2.4.win\lib\idea_rt.jar;E:\resource\”Œ¿¿∆˜\ideaIU-2018.2.4.win\plugins\junit\lib\junit-rt.jar;E:\resource\”Œ¿¿∆˜\ideaIU-2018.2.4.win\plugins\junit\lib\junit5-rt.jar;D:\Program Files\Java\jdk1.8.0_92\jre\lib\charsets.jar;D:\Program Files\Java\jdk1.8.0_92\jre\lib\deploy.jar;D:\Program Files\Java\jdk1.8.0_92\jre\lib\ext\access-bridge-64.jar;D:\Program Files\Java\jdk1.8.0_92\jre\lib\ext\cldrdata.jar;D:\Program Files\Java\jdk1.8.0_92\jre\lib\ext\dnsns.jar;D:\Program Files\Java\jdk1.8.0_92\jre\lib\ext\jaccess.jar;D:\Program Files\Java\jdk1.8.0_92\jre\lib\ext\jfxrt.jar;D:\Program Files\Java\jdk1.8.0_92\jre\lib\ext\localedata.jar;D:\Program Files\Java\jdk1.8.0_92\jre\lib\ext\nashorn.jar;D:\Program Files\Java\jdk1.8.0_92\jre\lib\ext\sunec.jar;D:\Program Files\Java\jdk1.8.0_92\jre\lib\ext\sunjce_provider.jar;D:\Program Files\Java\jdk1.8.0_92\jre\lib\ext\sunmscapi.jar;D:\Program Files\Java\jdk1.8.0_92\jre\lib\ext\sunpkcs11.jar;D:\Program Files\Java\jdk1.8.0_92\jre\lib\ext\zipfs.jar;D:\Program Files\Java\jdk1.8.0_92\jre\lib\javaws.jar;D:\Program Files\Java\jdk1.8.0_92\jre\lib\jce.jar;D:\Program Files\Java\jdk1.8.0_92\jre\lib\jfr.jar;D:\Program Files\Java\jdk1.8.0_92\jre\lib\jfxswt.jar;D:\Program Files\Java\jdk1.8.0_92\jre\lib\jsse.jar;D:\Program Files\Java\jdk1.8.0_92\jre\lib\management-agent.jar;D:\Program Files\Java\jdk1.8.0_92\jre\lib\plugin.jar;D:\Program Files\Java\jdk1.8.0_92\jre\lib\resources.jar;D:\Program Files\Java\jdk1.8.0_92\jre\lib\rt.jar;D:\IDEAProject\learn-big-data-in-action\java-data-struct\out\test\DataStruct;D:\IDEAProject\learn-big-data-in-action\java-data-struct\out\production\DataStruct;D:\repository\junit\junit\4.12\junit-4.12.jar;E:\resource\”Œ¿¿∆˜\ideaIU-2018.2.4.win\lib\hamcrest-core-1.3.jar;E:\resource\”Œ¿¿∆˜\ideaIU-2018.2.4.win\lib\rt\debugger-agent.jar
Launcher Type: SUN_STANDARD

Environment Variables:
JAVA_HOME=D:\Program Files\Java\jdk1.8.0_92
CLASSPATH=.;D:\Program Files\Java\jdk1.8.0_92\lib;"D:\Program Files\scala-2.12.9\bin;D:\Program Files\scala-2.12.9\lib\dt.jar;D:\Program Files\scala-2.12.9\lib\tools.jar;";
PATH=D:\Program Files\Java\jdk1.8.0_92\bin;E:\app\acer\product\11.2.0\dbhome_2\bin;C:\Program Files (x86)\Common Files\Oracle\Java\javapath;C:\ProgramData\Oracle\Java\javapath;C:\Windows\system32;C:\Windows;C:\Windows\System32\Wbem;C:\Windows\System32\WindowsPowerShell\v1.0\;C:\Program Files (x86)\NVIDIA Corporation\PhysX\Common;C:\Program Files\Microsoft SQL Server\130\Tools\Binn\;C:\Program Files\dotnet\;C:\Program Files (x86)\GtkSharp\2.12\bin;C:\WINDOWS\system32;C:\WINDOWS;C:\WINDOWS\System32\Wbem;C:\WINDOWS\System32\WindowsPowerShell\v1.0\;E:\resource\Android Debug Bridge;E:\Program Files\Git\cmd;D:\Program Files\QTSystem\;C:\WINDOWS\System32\OpenSSH\;D:\Maven\apache-maven-3.5.4-bin\apache-maven-3.5.4\bin;D:\mysql-8.0.12-winx64\bin;D:\Program Files (x86)\Rational\common;D:\Program Files\scala-2.12.9\bin;D:\Program Files\python\Scripts\;D:\Program Files\python\;D:\Program Files\Scripts\;D:\Program Files\;C:\Users\acer\AppData\Local\Microsoft\WindowsApps;E:\Program Files\JetBrains\PyCharm Community Edition 2019.1.1\bin;;C:\Users\acer\AppData\Local\Google\Chrome\Application;
USERNAME=acer
OS=Windows_NT
PROCESSOR_IDENTIFIER=Intel64 Family 6 Model 158 Stepping 9, GenuineIntel



---------------  S Y S T E M  ---------------

OS: Windows 10.0 , 64 bit Build 17134 (10.0.17134.753)

CPU:total 4 (4 cores per cpu, 1 threads per core) family 6 model 158 stepping 9, cmov, cx8, fxsr, mmx, sse, sse2, sse3, ssse3, sse4.1, sse4.2, popcnt, avx, avx2, aes, clmul, erms, 3dnowpref, lzcnt, tsc, tscinvbit, bmi1, bmi2, adx

Memory: 4k page, physical 8253672k(1979704k free), swap 14282984k(1690088k free)

vm_info: Java HotSpot(TM) 64-Bit Server VM (25.92-b14) for windows-amd64 JRE (1.8.0_92-b14), built on Mar 31 2016 21:03:04 by "java_re" with MS VC++ 10.0 (VS2010)

time: Thu Aug 22 20:45:20 2019
elapsed time: 1153 seconds (0d 0h 19m 13s)

